<?xml version="1.0" encoding="UTF-8"?>
<!-- Generated by org.testng.reporters.JUnitReportReporter -->
<testsuite hostname="DESKTOP-RH56C06" failures="0" tests="1" name="amazonwebsite.TC_1_Login_to_Amazon" time="69.505" errors="0" timestamp="2023-10-20T08:37:19 IST" skipped="0">
  <testcase classname="amazonwebsite.TC_1_Login_to_Amazon" name="Singln" time="69.505"/>
</testsuite> <!-- amazonwebsite.TC_1_Login_to_Amazon -->
