<?xml version="1.0" encoding="UTF-8"?>
<!-- Generated by org.testng.reporters.JUnitReportReporter -->
<testsuite hostname="DESKTOP-RH56C06" failures="0" tests="1" name="amazonwebsite.TC_3_Add_to_Cart" time="45.108" errors="0" timestamp="2023-10-20T12:18:49 IST" skipped="0">
  <testcase classname="amazonwebsite.TC_3_Add_to_Cart" name="Searchbox" time="45.108"/>
</testsuite> <!-- amazonwebsite.TC_3_Add_to_Cart -->
