<?xml version="1.0" encoding="UTF-8"?>
<!-- Generated by org.testng.reporters.JUnitReportReporter -->
<testsuite hostname="DESKTOP-RH56C06" failures="0" tests="2" name="amazonwebsite.TC_2_VerifyTitle_and_Logo" time="25.856" errors="0" timestamp="2023-10-20T09:43:44 IST" skipped="0">
  <testcase classname="amazonwebsite.TC_2_VerifyTitle_and_Logo" name="VerifyTitle" time="13.000"/>
  <testcase classname="amazonwebsite.TC_2_VerifyTitle_and_Logo" name="VerifyLogo" time="12.856"/>
</testsuite> <!-- amazonwebsite.TC_2_VerifyTitle_and_Logo -->
